1519859755403	geckodriver	INFO	geckodriver 0.19.1
1519859755482	geckodriver	INFO	Listening on 127.0.0.1:51654
1519859758607	mozrunner::runner	INFO	Running command: "C:\\Program Files\\Mozilla Firefox\\firefox.exe" "-marionette" "-profile" "C:\\Users\\Andrzej\\AppData\\Local\\Temp\\rust_mozprofile.iKJGFIXa9uY1"
Unable to read VR Path Registry from C:\Users\Andrzej\AppData\Local\openvr\openvrpaths.vrpath
1519859760334	Marionette	INFO	Enabled via --marionette
Unable to read VR Path Registry from C:\Users\Andrzej\AppData\Local\openvr\openvrpaths.vrpath
Unable to read VR Path Registry from C:\Users\Andrzej\AppData\Local\openvr\openvrpaths.vrpath
Unable to read VR Path Registry from C:\Users\Andrzej\AppData\Local\openvr\openvrpaths.vrpath
Unable to read VR Path Registry from C:\Users\Andrzej\AppData\Local\openvr\openvrpaths.vrpath
1519859764457	Marionette	INFO	Listening on port 51664
1519859764546	Marionette	WARN	TLS certificate errors will be ignored for this session
JavaScript error: http://inventwithpython.com/js/bootstrap.min.js, line 7: Error: Bootstrap tooltips require Tether (http://tether.io/)
[Parent 932, Gecko_IOThread] WARNING: pipe error: 109: file z:/build/build/src/ipc/chromium/src/chrome/common/ipc_channel_win.cc, line 346
[Child 3496, Chrome_ChildThread] WARNING: pipe error: 109: file z:/build/build/src/ipc/chromium/src/chrome/common/ipc_channel_win.cc, line 346
[Child 3[Child 14392, Chrome_ChildThread] WARNING: pipe error: 109: file z:/build/build/src/ipc/chromium/src/chrome/common/ipc_channel_win.cc, line 346
[Parent 932, Gecko_IOThread] WARNING: pipe error: 109: file z:/build/build/src/ipc/chromium/src/chrome/common/ipc_channel_win.cc, line 346
*** UTM:SVC TimerManager:registerTimer called after profile-before-change notification. Ignoring timer registration for id: telemetry_modules_ping

###!!! [Child][MessageChannel::SendAndWait] Error: Channel error: cannot send/recv

1519860676702	geckodriver	INFO	geckodriver 0.19.1
1519860676765	geckodriver	INFO	Listening on 127.0.0.1:52100
1519860679903	mozrunner::runner	INFO	Running command: "C:\\Program Files\\Mozilla Firefox\\firefox.exe" "-marionette" "-profile" "C:\\Users\\Andrzej\\AppData\\Local\\Temp\\rust_mozprofile.VtMBGeGfm8bh"
Unable to read VR Path Registry from C:\Users\Andrzej\AppData\Local\openvr\openvrpaths.vrpath
1519860681806	Marionette	INFO	Enabled via --marionette
Unable to read VR Path Registry from C:\Users\Andrzej\AppData\Local\openvr\openvrpaths.vrpath
Unable to read VR Path Registry from C:\Users\Andrzej\AppData\Local\openvr\openvrpaths.vrpath
Unable to read VR Path Registry from C:\Users\Andrzej\AppData\Local\openvr\openvrpaths.vrpath
Unable to read VR Path Registry from C:\Users\Andrzej\AppData\Local\openvr\openvrpaths.vrpath
1519860684794	Marionette	INFO	Listening on port 52108
1519860685352	Marionette	WARN	TLS certificate errors will be ignored for this session
JavaScript error: http://inventwithpython.com/js/bootstrap.min.js, line 7: Error: Bootstrap tooltips require Tether (http://tether.io/)
1519861059004	addons.productaddons	ERROR	Request failed certificate checks: [Exception... "Certificate checks failed. See previous errors for details."  nsresult: "0x80070057 (NS_ERROR_ILLEGAL_VALUE)"  location: "JS frame :: resource://gre/modules/CertUtils.jsm :: validateCert :: line 113"  data: no]
[Parent 5320, Gecko_IOThread] WARNING: pipe error: 109: file z:/build/build/src/ipc/chromium/src/chrome/common/ipc_channel_win.cc, line 346
[Parent 5320, Gecko_IOThread] WARNING: pipe error: 109: file z:/build/build/src/ipc/chromium/src/chrome/common/ipc_channel_win.cc, line 346
[Child 1192, Chrome_ChildThread] WARNING: pipe error: 109: file z:/build/build/src/ipc/chromium/src/chrome/common/ipc_channel_win.cc, line 346
[Child 1192, [Parent 5320, Gecko_IOThread] WARNING: pipe error: 109: file z:/build/build/src/ipc/chromium/src/chrome/common/ipc_channel_win.cc, line 346

###!!! [Child][MessageChannel::SendAndWait] Error: Channel error: cannot send/recv

